c:\users\asus\source\repos\lab8-9\lab10-12\debug\adminui.nativecodeanalysis.xml
c:\users\asus\source\repos\lab8-9\lab10-12\debug\ascagecomparator.nativecodeanalysis.xml
c:\users\asus\source\repos\lab8-9\lab10-12\debug\ascnamecomparator.nativecodeanalysis.xml
c:\users\asus\source\repos\lab8-9\lab10-12\debug\comparator.nativecodeanalysis.xml
c:\users\asus\source\repos\lab8-9\lab10-12\debug\controller.nativecodeanalysis.xml
c:\users\asus\source\repos\lab8-9\lab10-12\debug\controllerexception.nativecodeanalysis.xml
c:\users\asus\source\repos\lab8-9\lab10-12\debug\database.nativecodeanalysis.xml
c:\users\asus\source\repos\lab8-9\lab10-12\debug\dog.nativecodeanalysis.xml
c:\users\asus\source\repos\lab8-9\lab10-12\debug\dogexception.nativecodeanalysis.xml
c:\users\asus\source\repos\lab8-9\lab10-12\debug\dogvalidator.nativecodeanalysis.xml
c:\users\asus\source\repos\lab8-9\lab10-12\debug\dynamicvector.nativecodeanalysis.xml
c:\users\asus\source\repos\lab8-9\lab10-12\debug\filecontroller.nativecodeanalysis.xml
c:\users\asus\source\repos\lab8-9\lab10-12\debug\fileparser.nativecodeanalysis.xml
c:\users\asus\source\repos\lab8-9\lab10-12\debug\htmlfiledatabase.nativecodeanalysis.xml
c:\users\asus\source\repos\lab8-9\lab10-12\debug\main.nativecodeanalysis.xml
c:\users\asus\source\repos\lab8-9\lab10-12\debug\repoexception.nativecodeanalysis.xml
c:\users\asus\source\repos\lab8-9\lab10-12\debug\tests.nativecodeanalysis.xml
c:\users\asus\source\repos\lab8-9\lab10-12\debug\textfiledatabase.nativecodeanalysis.xml
c:\users\asus\source\repos\lab8-9\lab10-12\debug\userui.nativecodeanalysis.xml
c:\users\asus\source\repos\lab8-9\lab10-12\debug\vc141.pdb
c:\users\asus\source\repos\lab8-9\lab10-12\debug\nativecodeanalysis.read.1.tlog
c:\users\asus\source\repos\lab8-9\lab10-12\debug\vc.nativecodeanalysis.all.xml
c:\users\asus\source\repos\lab8-9\debug\lab8-9.exe.lastcodeanalysissucceeded
c:\users\asus\source\repos\lab8-9\lab10-12\debug\lab8-9.tlog\cl.command.1.tlog
c:\users\asus\source\repos\lab8-9\lab10-12\debug\lab8-9.tlog\cl.read.1.tlog
c:\users\asus\source\repos\lab8-9\lab10-12\debug\lab8-9.tlog\cl.write.1.tlog
